[2021-11-17 20:34:08.334] [renderer1] [info] Starting extension host with pid 104086.
[2021-11-17 20:34:08.338] [renderer1] [info] [LocalProcessExtensionHost]: IExtensionHostStarter.start() took 59 ms.
[2021-11-17 20:34:09.785] [renderer1] [error] [Extension Host] (node:104086) [DEP0005] DeprecationWarning: Buffer() is deprecated due to security and usability issues. Please use the Buffer.alloc(), Buffer.allocUnsafe(), or Buffer.from() methods instead.
(Use `codium --trace-deprecation ...` to show where the warning was created)
[2021-11-17 20:34:12.133] [renderer1] [error] ENOENT: no such file or directory, open '/home/ysf/.config/VSCodium/User/globalStorage/vscodevim.vim/.registers': Error: ENOENT: no such file or directory, open '/home/ysf/.config/VSCodium/User/globalStorage/vscodevim.vim/.registers'
[2021-11-17 20:34:16.442] [renderer1] [error] Error: Unable to read file '/home/ysf/NVOID).txt' (Error: Unable to resolve nonexistent file '/home/ysf/NVOID).txt')
    at i.handleSetInputError (vscode-file://vscode-app/usr/share/vscodium-bin/resources/app/out/vs/workbench/workbench.desktop.main.js:2342:143410)
    at i.handleSetInputError (vscode-file://vscode-app/usr/share/vscodium-bin/resources/app/out/vs/workbench/workbench.desktop.main.js:2342:147201)
    at i.setInput (vscode-file://vscode-app/usr/share/vscodium-bin/resources/app/out/vs/workbench/workbench.desktop.main.js:2342:143104)
    at async n.doSetInput (vscode-file://vscode-app/usr/share/vscodium-bin/resources/app/out/vs/workbench/workbench.desktop.main.js:2342:34632)
    at async n.doOpenEditor (vscode-file://vscode-app/usr/share/vscodium-bin/resources/app/out/vs/workbench/workbench.desktop.main.js:2342:33032)
    at async n.openEditor (vscode-file://vscode-app/usr/share/vscodium-bin/resources/app/out/vs/workbench/workbench.desktop.main.js:2342:32680)
    at async vscode-file://vscode-app/usr/share/vscodium-bin/resources/app/out/vs/workbench/workbench.desktop.main.js:2544:16967
[2021-11-17 20:34:17.599] [renderer1] [error] Error: Unable to read file '/home/ysf/NVOID.txt' (Error: Unable to resolve nonexistent file '/home/ysf/NVOID.txt')
    at i.handleSetInputError (vscode-file://vscode-app/usr/share/vscodium-bin/resources/app/out/vs/workbench/workbench.desktop.main.js:2342:143410)
    at i.handleSetInputError (vscode-file://vscode-app/usr/share/vscodium-bin/resources/app/out/vs/workbench/workbench.desktop.main.js:2342:147201)
    at i.setInput (vscode-file://vscode-app/usr/share/vscodium-bin/resources/app/out/vs/workbench/workbench.desktop.main.js:2342:143104)
    at async n.doSetInput (vscode-file://vscode-app/usr/share/vscodium-bin/resources/app/out/vs/workbench/workbench.desktop.main.js:2342:34632)
    at async n.doOpenEditor (vscode-file://vscode-app/usr/share/vscodium-bin/resources/app/out/vs/workbench/workbench.desktop.main.js:2342:33032)
    at async n.openEditor (vscode-file://vscode-app/usr/share/vscodium-bin/resources/app/out/vs/workbench/workbench.desktop.main.js:2342:32680)
    at async vscode-file://vscode-app/usr/share/vscodium-bin/resources/app/out/vs/workbench/workbench.desktop.main.js:2544:16967
[2021-11-17 20:34:30.684] [renderer1] [error] EACCES: permission denied, open '/usr/share/vscodium-bin/resources/app/extensions/lua/package.json': Error: EACCES: permission denied, open '/usr/share/vscodium-bin/resources/app/extensions/lua/package.json'
[2021-11-17 20:37:48.701] [renderer1] [error] EACCES: permission denied, open '/usr/share/vscodium-bin/resources/app/extensions/git/package.json': Error: EACCES: permission denied, open '/usr/share/vscodium-bin/resources/app/extensions/git/package.json'
[2021-11-17 20:37:48.717] [renderer1] [error] EACCES: permission denied, open '/usr/share/vscodium-bin/resources/app/extensions/github-authentication/package.json': Error: EACCES: permission denied, open '/usr/share/vscodium-bin/resources/app/extensions/github-authentication/package.json'
[2021-11-17 20:37:48.718] [renderer1] [error] EACCES: permission denied, open '/usr/share/vscodium-bin/resources/app/extensions/github/package.json': Error: EACCES: permission denied, open '/usr/share/vscodium-bin/resources/app/extensions/github/package.json'
