[2021-11-15 16:36:05.958] [exthost] [info] Extension host with pid 49700 started
[2021-11-15 16:36:06.247] [exthost] [info] ExtensionService#_doActivateExtension vscode.debug-auto-launch, startup: true, activationEvent: '*'
[2021-11-15 16:36:06.261] [exthost] [info] ExtensionService#_doActivateExtension vscode.git, startup: true, activationEvent: '*', root cause: vscode.github
[2021-11-15 16:36:06.455] [exthost] [info] ExtensionService#_doActivateExtension vscode.github, startup: true, activationEvent: '*'
[2021-11-15 16:36:06.547] [exthost] [info] Eager extensions activated
[2021-11-15 16:36:06.549] [exthost] [info] ExtensionService#_doActivateExtension vscode.merge-conflict, startup: false, activationEvent: 'onStartupFinished'
[2021-11-15 16:36:11.212] [exthost] [info] ExtensionService#_doActivateExtension vscode.configuration-editing, startup: false, activationEvent: 'onLanguage:jsonc'
[2021-11-15 16:36:11.239] [exthost] [info] ExtensionService#_doActivateExtension vscode.json-language-features, startup: false, activationEvent: 'onLanguage:jsonc'
[2021-11-15 16:36:11.370] [exthost] [info] ExtensionService#_doActivateExtension vscode.typescript-language-features, startup: false, activationEvent: 'onLanguage:jsonc'
[2021-11-15 16:37:26.050] [exthost] [info] ExtensionService#_doActivateExtension vscode.extension-editing, startup: false, activationEvent: 'onLanguage:json'
[2021-11-15 16:37:26.144] [exthost] [info] ExtensionService#_doActivateExtension vscode.npm, startup: false, activationEvent: 'onLanguage:json'
[2021-11-15 16:37:29.189] [exthost] [info] ExtensionService#_doActivateExtension vscodevim.vim, startup: false, activationEvent: '*'
[2021-11-15 16:42:30.305] [exthost] [info] extension host terminating: renderer closed the socket
[2021-11-15 16:42:30.990] [exthost] [error] TypeError: r.some is not a function
    at Function.saveToDisk (/home/ysf/.vscode-oss/extensions/vscodevim.vim-1.21.10/src/register/register.ts:350:30)
    at Object.e.deactivate (/home/ysf/.vscode-oss/extensions/vscodevim.vim-1.21.10/extension.ts:37:18)
    at w._deactivate (/usr/share/vscodium-bin/resources/app/out/vs/workbench/services/extensions/node/extensionHostProcess.js:99:11449)
    at /usr/share/vscodium-bin/resources/app/out/vs/workbench/services/extensions/node/extensionHostProcess.js:99:9997
    at Array.map (<anonymous>)
    at w.deactivateAll (/usr/share/vscodium-bin/resources/app/out/vs/workbench/services/extensions/node/extensionHostProcess.js:99:9985)
    at b.terminate (/usr/share/vscodium-bin/resources/app/out/vs/workbench/services/extensions/node/extensionHostProcess.js:103:735)
    at o (/usr/share/vscodium-bin/resources/app/out/vs/workbench/services/extensions/node/extensionHostProcess.js:113:32681)
    at Socket.<anonymous> (/usr/share/vscodium-bin/resources/app/out/vs/workbench/services/extensions/node/extensionHostProcess.js:113:30296)
    at Socket.emit (events.js:327:22)
    at Pipe.<anonymous> (net.js:673:12)
[2021-11-15 16:42:31.317] [exthost] [info] Extension host with pid 49700 exiting with code 0
